{"C:\\Users\\BDLV\\Google Drive\\0. Now\\0. Webpack\\Sentiments\\src\\client\\js\\formHandler.js": {"path":"C:\\Users\\BDLV\\Google Drive\\0. Now\\0. Webpack\\Sentiments\\src\\client\\js\\formHandler.js","statementMap":{"0":{"start":{"line":5,"column":17},"end":{"line":5,"column":19}},"1":{"start":{"line":6,"column":4},"end":{"line":6,"column":26}},"2":{"start":{"line":7,"column":19},"end":{"line":7,"column":55}},"3":{"start":{"line":8,"column":4},"end":{"line":8,"column":25}},"4":{"start":{"line":9,"column":4},"end":{"line":9,"column":30}},"5":{"start":{"line":13,"column":4},"end":{"line":18,"column":9}},"6":{"start":{"line":14,"column":25},"end":{"line":14,"column":54}},"7":{"start":{"line":15,"column":8},"end":{"line":15,"column":24}},"8":{"start":{"line":17,"column":8},"end":{"line":17,"column":29}},"9":{"start":{"line":22,"column":14},"end":{"line":22,"column":31}},"10":{"start":{"line":23,"column":4},"end":{"line":23,"column":29}},"11":{"start":{"line":24,"column":4},"end":{"line":24,"column":21}},"12":{"start":{"line":25,"column":4},"end":{"line":25,"column":15}},"13":{"start":{"line":26,"column":4},"end":{"line":26,"column":16}},"14":{"start":{"line":27,"column":4},"end":{"line":27,"column":14}},"15":{"start":{"line":31,"column":15},"end":{"line":31,"column":63}},"16":{"start":{"line":32,"column":4},"end":{"line":38,"column":5}},"17":{"start":{"line":33,"column":23},"end":{"line":33,"column":41}},"18":{"start":{"line":34,"column":8},"end":{"line":34,"column":209}},"19":{"start":{"line":35,"column":8},"end":{"line":35,"column":23}},"20":{"start":{"line":37,"column":8},"end":{"line":37,"column":36}}},"fnMap":{"0":{"name":"handleSubmit","decl":{"start":{"line":4,"column":15},"end":{"line":4,"column":27}},"loc":{"start":{"line":4,"column":35},"end":{"line":39,"column":1}},"line":4},"1":{"name":"postData","decl":{"start":{"line":12,"column":15},"end":{"line":12,"column":23}},"loc":{"start":{"line":12,"column":46},"end":{"line":19,"column":1}},"line":12},"2":{"name":"CreateNURL","decl":{"start":{"line":21,"column":9},"end":{"line":21,"column":19}},"loc":{"start":{"line":21,"column":29},"end":{"line":28,"column":1}},"line":21}},"branchMap":{"0":{"loc":{"start":{"line":12,"column":25},"end":{"line":12,"column":34}},"type":"default-arg","locations":[{"start":{"line":12,"column":31},"end":{"line":12,"column":34}}],"line":12},"1":{"loc":{"start":{"line":12,"column":36},"end":{"line":12,"column":45}},"type":"default-arg","locations":[{"start":{"line":12,"column":43},"end":{"line":12,"column":45}}],"line":12}},"s":{"0":0,"1":0,"2":0,"3":0,"4":0,"5":0,"6":0,"7":0,"8":0,"9":0,"10":0,"11":0,"12":0,"13":0,"14":0,"15":0,"16":0,"17":0,"18":0,"19":0,"20":0},"f":{"0":0,"1":0,"2":0},"b":{"0":[0],"1":[0]},"_coverageSchema":"1a1c01bbd47fc00a2c39e90264f33305004495a9","hash":"a60ab176875e1a7db02fe8296ad215fd4ecf773b"}
,"C:\\Users\\BDLV\\Google Drive\\0. Now\\0. Webpack\\Sentiments\\src\\server\\app.js": {"path":"C:\\Users\\BDLV\\Google Drive\\0. Now\\0. Webpack\\Sentiments\\src\\server\\app.js","statementMap":{"0":{"start":{"line":2,"column":16},"end":{"line":2,"column":34}},"1":{"start":{"line":3,"column":12},"end":{"line":3,"column":21}},"2":{"start":{"line":4,"column":0},"end":{"line":4,"column":49}},"3":{"start":{"line":5,"column":0},"end":{"line":5,"column":24}},"4":{"start":{"line":6,"column":13},"end":{"line":6,"column":28}},"5":{"start":{"line":7,"column":0},"end":{"line":7,"column":16}},"6":{"start":{"line":9,"column":0},"end":{"line":9,"column":32}},"7":{"start":{"line":11,"column":0},"end":{"line":13,"column":2}},"8":{"start":{"line":12,"column":4},"end":{"line":12,"column":48}},"9":{"start":{"line":15,"column":0},"end":{"line":15,"column":21}}},"fnMap":{"0":{"name":"(anonymous_0)","decl":{"start":{"line":11,"column":13},"end":{"line":11,"column":14}},"loc":{"start":{"line":11,"column":33},"end":{"line":13,"column":1}},"line":11}},"branchMap":{},"s":{"0":2,"1":2,"2":2,"3":2,"4":2,"5":2,"6":2,"7":2,"8":0,"9":2},"f":{"0":0},"b":{},"_coverageSchema":"1a1c01bbd47fc00a2c39e90264f33305004495a9","hash":"7c80590db3e8acbead5202efff541f4ae42c453a"}
,"C:\\Users\\BDLV\\Google Drive\\0. Now\\0. Webpack\\Sentiments\\src\\server\\index.js": {"path":"C:\\Users\\BDLV\\Google Drive\\0. Now\\0. Webpack\\Sentiments\\src\\server\\index.js","statementMap":{"0":{"start":{"line":1,"column":11},"end":{"line":1,"column":26}},"1":{"start":{"line":2,"column":0},"end":{"line":2,"column":26}},"2":{"start":{"line":5,"column":16},"end":{"line":5,"column":36}},"3":{"start":{"line":6,"column":16},"end":{"line":6,"column":30}},"4":{"start":{"line":7,"column":15},"end":{"line":7,"column":34}},"5":{"start":{"line":10,"column":12},"end":{"line":10,"column":31}},"6":{"start":{"line":12,"column":0},"end":{"line":14,"column":2}},"7":{"start":{"line":13,"column":4},"end":{"line":13,"column":54}},"8":{"start":{"line":17,"column":0},"end":{"line":17,"column":25}},"9":{"start":{"line":19,"column":0},"end":{"line":22,"column":3}},"10":{"start":{"line":20,"column":2},"end":{"line":20,"column":39}},"11":{"start":{"line":21,"column":2},"end":{"line":21,"column":33}}},"fnMap":{"0":{"name":"(anonymous_0)","decl":{"start":{"line":12,"column":17},"end":{"line":12,"column":18}},"loc":{"start":{"line":12,"column":29},"end":{"line":14,"column":1}},"line":12},"1":{"name":"(anonymous_1)","decl":{"start":{"line":19,"column":20},"end":{"line":19,"column":21}},"loc":{"start":{"line":19,"column":37},"end":{"line":22,"column":1}},"line":19}},"branchMap":{},"s":{"0":1,"1":1,"2":1,"3":1,"4":1,"5":1,"6":1,"7":0,"8":1,"9":1,"10":0,"11":0},"f":{"0":0,"1":0},"b":{},"_coverageSchema":"1a1c01bbd47fc00a2c39e90264f33305004495a9","hash":"b6829f30b2248e81523e042790059a71a63d5da5"}
,"C:\\Users\\BDLV\\Google Drive\\0. Now\\0. Webpack\\Sentiments\\src\\server\\mockAPI.js": {"path":"C:\\Users\\BDLV\\Google Drive\\0. Now\\0. Webpack\\Sentiments\\src\\server\\mockAPI.js","statementMap":{"0":{"start":{"line":1,"column":14},"end":{"line":1,"column":38}},"1":{"start":{"line":2,"column":0},"end":{"line":2,"column":26}},"2":{"start":{"line":3,"column":14},"end":{"line":3,"column":35}},"3":{"start":{"line":4,"column":15},"end":{"line":4,"column":17}},"4":{"start":{"line":8,"column":20},"end":{"line":8,"column":69}},"5":{"start":{"line":9,"column":19},"end":{"line":9,"column":37}},"6":{"start":{"line":10,"column":19},"end":{"line":10,"column":34}},"7":{"start":{"line":11,"column":17},"end":{"line":11,"column":27}},"8":{"start":{"line":13,"column":15},"end":{"line":13,"column":35}},"9":{"start":{"line":14,"column":27},"end":{"line":17,"column":5}},"10":{"start":{"line":19,"column":15},"end":{"line":19,"column":46}},"11":{"start":{"line":20,"column":22},"end":{"line":27,"column":9}},"12":{"start":{"line":29,"column":17},"end":{"line":29,"column":53}},"13":{"start":{"line":32,"column":4},"end":{"line":32,"column":44}},"14":{"start":{"line":33,"column":15},"end":{"line":33,"column":34}},"15":{"start":{"line":35,"column":4},"end":{"line":35,"column":41}},"16":{"start":{"line":36,"column":4},"end":{"line":36,"column":47}},"17":{"start":{"line":37,"column":4},"end":{"line":37,"column":43}},"18":{"start":{"line":38,"column":4},"end":{"line":38,"column":33}},"19":{"start":{"line":39,"column":4},"end":{"line":39,"column":26}},"20":{"start":{"line":40,"column":4},"end":{"line":40,"column":19}},"21":{"start":{"line":43,"column":2},"end":{"line":45,"column":26}}},"fnMap":{"0":{"name":"apiCall","decl":{"start":{"line":7,"column":15},"end":{"line":7,"column":22}},"loc":{"start":{"line":7,"column":32},"end":{"line":41,"column":1}},"line":7}},"branchMap":{},"s":{"0":2,"1":2,"2":2,"3":2,"4":0,"5":0,"6":0,"7":0,"8":0,"9":0,"10":0,"11":0,"12":0,"13":0,"14":0,"15":0,"16":0,"17":0,"18":0,"19":0,"20":0,"21":2},"f":{"0":0},"b":{},"_coverageSchema":"1a1c01bbd47fc00a2c39e90264f33305004495a9","hash":"1301ce2032eb38546a36916d929804a0c2d067f6"}
}
