TN:
SF:src\client\js\formHandler.js
FN:4,handleSubmit
FN:12,postData
FN:21,CreateNURL
FNF:3
FNH:0
FNDA:0,handleSubmit
FNDA:0,postData
FNDA:0,CreateNURL
DA:5,0
DA:6,0
DA:7,0
DA:8,0
DA:9,0
DA:13,0
DA:14,0
DA:15,0
DA:17,0
DA:22,0
DA:23,0
DA:24,0
DA:25,0
DA:26,0
DA:27,0
DA:31,0
DA:32,0
DA:33,0
DA:34,0
DA:35,0
DA:37,0
LF:21
LH:0
BRDA:12,0,0,0
BRDA:12,1,0,0
BRF:2
BRH:0
end_of_record
TN:
SF:src\server\app.js
FN:11,(anonymous_0)
FNF:1
FNH:0
FNDA:0,(anonymous_0)
DA:2,2
DA:3,2
DA:4,2
DA:5,2
DA:6,2
DA:7,2
DA:9,2
DA:11,2
DA:12,0
DA:15,2
LF:10
LH:9
BRF:0
BRH:0
end_of_record
TN:
SF:src\server\index.js
FN:12,(anonymous_0)
FN:19,(anonymous_1)
FNF:2
FNH:0
FNDA:0,(anonymous_0)
FNDA:0,(anonymous_1)
DA:1,1
DA:2,1
DA:5,1
DA:6,1
DA:7,1
DA:10,1
DA:12,1
DA:13,0
DA:17,1
DA:19,1
DA:20,0
DA:21,0
LF:12
LH:9
BRF:0
BRH:0
end_of_record
TN:
SF:src\server\mockAPI.js
FN:7,apiCall
FNF:1
FNH:0
FNDA:0,apiCall
DA:1,2
DA:2,2
DA:3,2
DA:4,2
DA:8,0
DA:9,0
DA:10,0
DA:11,0
DA:13,0
DA:14,0
DA:19,0
DA:20,0
DA:29,0
DA:32,0
DA:33,0
DA:35,0
DA:36,0
DA:37,0
DA:38,0
DA:39,0
DA:40,0
DA:43,2
LF:22
LH:5
BRF:0
BRH:0
end_of_record
