TN:
SF:src\client\js\formHandler.js
FN:5,handleSubmit
FN:13,CreateNURL
FNF:2
FNH:0
FNDA:0,handleSubmit
FNDA:0,CreateNURL
DA:6,0
DA:7,0
DA:8,0
DA:9,0
DA:10,0
DA:11,0
DA:14,0
DA:15,0
DA:16,0
DA:17,0
DA:18,0
DA:19,0
DA:22,0
DA:23,0
DA:25,0
DA:26,0
DA:27,0
DA:28,0
DA:29,0
DA:31,0
LF:20
LH:0
BRF:0
BRH:0
end_of_record
TN:
SF:src\client\js\postFunc.js
FN:3,postData
FNF:1
FNH:1
FNDA:1,postData
DA:1,1
DA:4,1
DA:5,1
DA:6,0
DA:7,0
DA:9,0
LF:6
LH:3
BRDA:3,0,0,0
BRDA:3,1,0,1
BRF:2
BRH:1
end_of_record
TN:
SF:src\server\app.js
FN:10,(anonymous_0)
FNF:1
FNH:0
FNDA:0,(anonymous_0)
DA:1,2
DA:2,2
DA:3,2
DA:4,2
DA:5,2
DA:6,2
DA:8,2
DA:10,2
DA:11,0
DA:14,2
LF:10
LH:9
BRF:0
BRH:0
end_of_record
TN:
SF:src\server\index.js
FN:31,(anonymous_0)
FN:95,(anonymous_1)
FNF:2
FNH:2
FNDA:1,(anonymous_0)
FNDA:1,(anonymous_1)
DA:4,1
DA:6,1
DA:7,1
DA:8,1
DA:9,1
DA:10,1
DA:11,1
DA:24,1
DA:31,1
DA:32,1
DA:58,1
DA:95,1
DA:96,1
DA:97,1
LF:14
LH:14
BRF:0
BRH:0
end_of_record
TN:
SF:src\server\mockAPI.js
FN:6,apiCall
FNF:1
FNH:1
FNDA:1,apiCall
DA:1,2
DA:2,2
DA:3,2
DA:4,2
DA:7,1
DA:8,1
DA:9,0
DA:10,0
DA:11,0
DA:12,0
DA:13,0
DA:14,0
DA:15,0
DA:16,0
DA:17,0
DA:21,0
DA:22,0
DA:23,0
DA:31,0
DA:34,0
DA:35,0
DA:38,0
DA:39,0
DA:40,0
DA:41,0
DA:42,0
DA:43,0
DA:74,2
LF:28
LH:7
BRF:0
BRH:0
end_of_record
